2020.06.21 11:45:19.429 INFO  Model.MyModel - generate maze server started
2020.06.21 11:45:19.432 INFO  Model.MyModel - solve maze server started
2020.06.21 11:45:38.811 INFO  Model.MyModel - generate maze server started
2020.06.21 11:45:38.815 INFO  Model.MyModel - solve maze server started
2020.06.21 11:53:16.139 INFO  Model.MyModel - generate maze server started
2020.06.21 11:53:16.142 INFO  Model.MyModel - solve maze server started
2020.06.21 12:14:29.837 INFO  Model.MyModel - generate maze server started
2020.06.21 12:14:29.840 INFO  Model.MyModel - solve maze server started
2020.06.21 12:15:04.933 INFO  Model.MyModel - generate maze server started
2020.06.21 12:15:04.938 INFO  Model.MyModel - solve maze server started
2020.06.21 12:17:21.758 INFO  Model.MyModel - generate maze server started
2020.06.21 12:17:21.761 INFO  Model.MyModel - solve maze server started
2020.06.21 12:17:59.819 INFO  Model.MyModel - generate maze server started
2020.06.21 12:17:59.823 INFO  Model.MyModel - solve maze server started
2020.06.21 12:18:53.949 INFO  Model.MyModel - generate maze server started
2020.06.21 12:18:53.952 INFO  Model.MyModel - solve maze server started
2020.06.21 12:19:23.773 INFO  Model.MyModel - generate maze server started
2020.06.21 12:19:23.776 INFO  Model.MyModel - solve maze server started
2020.06.21 12:20:02.455 INFO  Model.MyModel - generate maze server started
2020.06.21 12:20:02.458 INFO  Model.MyModel - solve maze server started
2020.06.21 12:20:29.462 INFO  Model.MyModel - generate maze server started
2020.06.21 12:20:29.465 INFO  Model.MyModel - solve maze server started
2020.06.21 12:22:34.120 INFO  Model.MyModel - generate maze server started
2020.06.21 12:22:34.123 INFO  Model.MyModel - solve maze server started
2020.06.21 12:23:20.223 INFO  Model.MyModel - generate maze server started
2020.06.21 12:23:20.225 INFO  Model.MyModel - solve maze server started
2020.06.21 12:23:53.512 INFO  Model.MyModel - generate maze server started
2020.06.21 12:23:53.515 INFO  Model.MyModel - solve maze server started
2020.06.21 12:24:22.372 INFO  Model.MyModel - generate maze server started
2020.06.21 12:24:22.375 INFO  Model.MyModel - solve maze server started
2020.06.21 12:24:39.995 INFO  Model.MyModel - generate maze server started
2020.06.21 12:24:39.998 INFO  Model.MyModel - solve maze server started
2020.06.21 12:31:16.865 INFO  Model.MyModel - generate maze server started
2020.06.21 12:31:16.868 INFO  Model.MyModel - solve maze server started
2020.06.21 12:31:32.123 INFO  Model.MyModel - generate maze server stopped
2020.06.21 12:31:32.123 INFO  Model.MyModel - solve maze server stopped
2020.06.21 12:39:47.365 INFO  Model.MyModel - generate maze server started
2020.06.21 12:39:47.367 INFO  Model.MyModel - solve maze server started
2020.06.21 12:40:06.004 INFO  Model.MyModel - generate maze server stopped
2020.06.21 12:40:06.005 INFO  Model.MyModel - solve maze server stopped
2020.06.21 12:51:43.793 INFO  Model.MyModel - generate maze server started
2020.06.21 12:51:43.797 INFO  Model.MyModel - solve maze server started
2020.06.21 12:52:00.643 INFO  Model.MyModel - generate maze server stopped
2020.06.21 12:52:00.643 INFO  Model.MyModel - solve maze server stopped
2020.06.21 12:52:06.406 INFO  Model.MyModel - generate maze server started
2020.06.21 12:52:06.409 INFO  Model.MyModel - solve maze server started
2020.06.21 12:53:11.222 INFO  Model.MyModel - generate maze server stopped
2020.06.21 12:53:11.222 INFO  Model.MyModel - solve maze server stopped
2020.06.21 12:54:02.206 INFO  Model.MyModel - generate maze server started
2020.06.21 12:54:02.209 INFO  Model.MyModel - solve maze server started
2020.06.21 12:55:17.738 INFO  Model.MyModel - generate maze server stopped
2020.06.21 12:55:17.738 INFO  Model.MyModel - solve maze server stopped
2020.06.21 12:55:46.131 INFO  Model.MyModel - generate maze server started
2020.06.21 12:55:46.133 INFO  Model.MyModel - solve maze server started
2020.06.21 12:56:25.247 INFO  Model.MyModel - generate maze server stopped
2020.06.21 12:56:25.248 INFO  Model.MyModel - solve maze server stopped
2020.06.21 12:58:03.499 INFO  Model.MyModel - generate maze server started
2020.06.21 12:58:03.502 INFO  Model.MyModel - solve maze server started
2020.06.21 12:58:20.267 INFO  Model.MyModel - generate maze server stopped
2020.06.21 12:58:20.267 INFO  Model.MyModel - solve maze server stopped
2020.06.21 13:12:32.572 INFO  Model.MyModel - generate maze server started
2020.06.21 13:12:32.575 INFO  Model.MyModel - solve maze server started
2020.06.21 13:12:52.394 INFO  Model.MyModel - generate maze server stopped
2020.06.21 13:12:52.394 INFO  Model.MyModel - solve maze server stopped
2020.06.21 13:13:17.820 INFO  Model.MyModel - generate maze server started
2020.06.21 13:13:17.822 INFO  Model.MyModel - solve maze server started
2020.06.21 13:13:38.150 INFO  Model.MyModel - generate maze server stopped
2020.06.21 13:13:38.151 INFO  Model.MyModel - solve maze server stopped
2020.06.21 13:14:10.131 INFO  Model.MyModel - generate maze server started
2020.06.21 13:14:10.134 INFO  Model.MyModel - solve maze server started
2020.06.21 13:14:15.391 INFO  Model.MyModel - generate maze server stopped
2020.06.21 13:14:15.392 INFO  Model.MyModel - solve maze server stopped
2020.06.21 13:14:24.304 INFO  Model.MyModel - generate maze server started
2020.06.21 13:14:24.306 INFO  Model.MyModel - solve maze server started
2020.06.21 13:14:32.508 INFO  Model.MyModel - generate maze server stopped
2020.06.21 13:14:32.509 INFO  Model.MyModel - solve maze server stopped
2020.06.21 13:18:12.240 INFO  Model.MyModel - generate maze server started
2020.06.21 13:18:12.242 INFO  Model.MyModel - solve maze server started
2020.06.21 13:18:26.724 INFO  Model.MyModel - generate maze server stopped
2020.06.21 13:18:26.725 INFO  Model.MyModel - solve maze server stopped
2020.06.21 13:18:33.218 INFO  Model.MyModel - generate maze server started
2020.06.21 13:18:33.220 INFO  Model.MyModel - solve maze server started
2020.06.21 13:18:42.152 INFO  Model.MyModel - generate maze server stopped
2020.06.21 13:18:42.152 INFO  Model.MyModel - solve maze server stopped
2020.06.21 13:19:12.827 INFO  Model.MyModel - generate maze server started
2020.06.21 13:19:12.829 INFO  Model.MyModel - solve maze server started
2020.06.21 13:19:29.958 INFO  Model.MyModel - generate maze server stopped
2020.06.21 13:19:29.958 INFO  Model.MyModel - solve maze server stopped
2020.06.21 13:19:58.302 INFO  Model.MyModel - generate maze server started
2020.06.21 13:19:58.306 INFO  Model.MyModel - solve maze server started
2020.06.21 13:20:53.193 INFO  Model.MyModel - generate maze server stopped
2020.06.21 13:20:53.193 INFO  Model.MyModel - solve maze server stopped
2020.06.21 13:24:37.751 INFO  Model.MyModel - generate maze server started
2020.06.21 13:24:37.753 INFO  Model.MyModel - solve maze server started
2020.06.21 13:25:25.932 INFO  Model.MyModel - generate maze server stopped
2020.06.21 13:25:25.932 INFO  Model.MyModel - solve maze server stopped
2020.06.21 13:25:58.187 INFO  Model.MyModel - generate maze server started
2020.06.21 13:25:58.190 INFO  Model.MyModel - solve maze server started
2020.06.21 13:26:07.514 INFO  Model.MyModel - generate maze server stopped
2020.06.21 13:26:07.514 INFO  Model.MyModel - solve maze server stopped
2020.06.21 13:26:22.972 INFO  Model.MyModel - generate maze server started
2020.06.21 13:26:22.975 INFO  Model.MyModel - solve maze server started
2020.06.21 13:26:33.444 INFO  Model.MyModel - generate maze server stopped
2020.06.21 13:26:33.444 INFO  Model.MyModel - solve maze server stopped
2020.06.21 13:26:48.126 INFO  Model.MyModel - generate maze server started
2020.06.21 13:26:48.130 INFO  Model.MyModel - solve maze server started
2020.06.21 13:26:58.196 INFO  Model.MyModel - generate maze server stopped
2020.06.21 13:26:58.196 INFO  Model.MyModel - solve maze server stopped
2020.06.21 13:27:09.780 INFO  Model.MyModel - generate maze server started
2020.06.21 13:27:09.783 INFO  Model.MyModel - solve maze server started
2020.06.21 13:27:18.366 INFO  Model.MyModel - generate maze server stopped
2020.06.21 13:27:18.367 INFO  Model.MyModel - solve maze server stopped
2020.06.21 13:27:27.327 INFO  Model.MyModel - generate maze server started
2020.06.21 13:27:27.331 INFO  Model.MyModel - solve maze server started
2020.06.21 13:27:34.389 INFO  Model.MyModel - generate maze server stopped
2020.06.21 13:27:34.390 INFO  Model.MyModel - solve maze server stopped
2020.06.21 13:30:53.064 INFO  Model.MyModel - generate maze server started
2020.06.21 13:30:53.067 INFO  Model.MyModel - solve maze server started
2020.06.21 13:31:13.514 INFO  Model.MyModel - generate maze server stopped
2020.06.21 13:31:13.514 INFO  Model.MyModel - solve maze server stopped
2020.06.21 13:32:42.219 INFO  Model.MyModel - generate maze server started
2020.06.21 13:32:42.222 INFO  Model.MyModel - solve maze server started
2020.06.21 13:32:58.101 INFO  Model.MyModel - generate maze server stopped
2020.06.21 13:32:58.102 INFO  Model.MyModel - solve maze server stopped
2020.06.21 13:34:18.201 INFO  Model.MyModel - generate maze server started
2020.06.21 13:34:18.205 INFO  Model.MyModel - solve maze server started
2020.06.21 13:34:33.753 INFO  Model.MyModel - generate maze server stopped
2020.06.21 13:34:33.753 INFO  Model.MyModel - solve maze server stopped
2020.06.21 13:34:45.014 INFO  Model.MyModel - generate maze server started
2020.06.21 13:34:45.018 INFO  Model.MyModel - solve maze server started
2020.06.21 13:34:59.333 INFO  Model.MyModel - generate maze server stopped
2020.06.21 13:34:59.334 INFO  Model.MyModel - solve maze server stopped
2020.06.21 13:35:06.598 INFO  Model.MyModel - generate maze server started
2020.06.21 13:35:06.601 INFO  Model.MyModel - solve maze server started
2020.06.21 13:35:17.713 INFO  Model.MyModel - generate maze server stopped
2020.06.21 13:35:17.713 INFO  Model.MyModel - solve maze server stopped
2020.06.21 13:35:25.886 INFO  Model.MyModel - generate maze server started
2020.06.21 13:35:25.889 INFO  Model.MyModel - solve maze server started
2020.06.21 13:35:32.579 INFO  Model.MyModel - generate maze server stopped
2020.06.21 13:35:32.579 INFO  Model.MyModel - solve maze server stopped
2020.06.21 13:36:03.620 INFO  Model.MyModel - generate maze server started
2020.06.21 13:36:03.623 INFO  Model.MyModel - solve maze server started
2020.06.21 13:36:21.283 INFO  Model.MyModel - generate maze server stopped
2020.06.21 13:36:21.284 INFO  Model.MyModel - solve maze server stopped
2020.06.21 13:37:17.100 INFO  Model.MyModel - generate maze server started
2020.06.21 13:37:17.103 INFO  Model.MyModel - solve maze server started
2020.06.21 13:37:55.424 INFO  Model.MyModel - generate maze server stopped
2020.06.21 13:37:55.425 INFO  Model.MyModel - solve maze server stopped
2020.06.21 13:38:39.414 INFO  Model.MyModel - generate maze server started
2020.06.21 13:38:39.416 INFO  Model.MyModel - solve maze server started
2020.06.21 13:38:42.061 INFO  Model.MyModel - generate maze server stopped
2020.06.21 13:38:42.061 INFO  Model.MyModel - solve maze server stopped
2020.06.21 13:38:57.946 INFO  Model.MyModel - generate maze server started
2020.06.21 13:38:57.948 INFO  Model.MyModel - solve maze server started
2020.06.21 13:39:12.447 INFO  Model.MyModel - generate maze server stopped
2020.06.21 13:39:12.447 INFO  Model.MyModel - solve maze server stopped
2020.06.21 13:39:36.798 INFO  Model.MyModel - generate maze server started
2020.06.21 13:39:36.801 INFO  Model.MyModel - solve maze server started
2020.06.21 13:39:46.609 INFO  Model.MyModel - generate maze server stopped
2020.06.21 13:39:46.610 INFO  Model.MyModel - solve maze server stopped
2020.06.21 13:40:00.645 INFO  Model.MyModel - generate maze server started
2020.06.21 13:40:00.648 INFO  Model.MyModel - solve maze server started
2020.06.21 13:40:11.382 INFO  Model.MyModel - generate maze server stopped
2020.06.21 13:40:11.383 INFO  Model.MyModel - solve maze server stopped
2020.06.21 13:41:01.399 INFO  Model.MyModel - generate maze server started
2020.06.21 13:41:01.401 INFO  Model.MyModel - solve maze server started
2020.06.21 13:41:13.747 INFO  Model.MyModel - generate maze server stopped
2020.06.21 13:41:13.747 INFO  Model.MyModel - solve maze server stopped
2020.06.21 13:42:21.506 INFO  Model.MyModel - generate maze server started
2020.06.21 13:42:21.508 INFO  Model.MyModel - solve maze server started
2020.06.21 13:42:29.549 INFO  Model.MyModel - generate maze server stopped
2020.06.21 13:42:29.550 INFO  Model.MyModel - solve maze server stopped
2020.06.21 13:42:49.428 INFO  Model.MyModel - generate maze server started
2020.06.21 13:42:49.430 INFO  Model.MyModel - solve maze server started
2020.06.21 13:44:23.311 INFO  Model.MyModel - generate maze server stopped
2020.06.21 13:44:23.311 INFO  Model.MyModel - solve maze server stopped
2020.06.21 13:44:27.741 INFO  Model.MyModel - generate maze server started
2020.06.21 13:44:27.743 INFO  Model.MyModel - solve maze server started
2020.06.21 13:44:49.292 INFO  Model.MyModel - generate maze server stopped
2020.06.21 13:44:49.292 INFO  Model.MyModel - solve maze server stopped
2020.06.21 13:44:53.624 INFO  Model.MyModel - generate maze server started
2020.06.21 13:44:53.626 INFO  Model.MyModel - solve maze server started
2020.06.21 13:45:01.421 INFO  Model.MyModel - generate maze server stopped
2020.06.21 13:45:01.421 INFO  Model.MyModel - solve maze server stopped
2020.06.21 13:46:36.884 INFO  Model.MyModel - generate maze server started
2020.06.21 13:46:36.887 INFO  Model.MyModel - solve maze server started
2020.06.21 13:47:12.044 INFO  Model.MyModel - generate maze server stopped
2020.06.21 13:47:12.044 INFO  Model.MyModel - solve maze server stopped
2020.06.21 13:47:20.864 INFO  Model.MyModel - generate maze server started
2020.06.21 13:47:20.867 INFO  Model.MyModel - solve maze server started
2020.06.21 13:47:35.208 INFO  Model.MyModel - generate maze server stopped
2020.06.21 13:47:35.208 INFO  Model.MyModel - solve maze server stopped
2020.06.21 13:47:48.521 INFO  Model.MyModel - generate maze server started
2020.06.21 13:47:48.523 INFO  Model.MyModel - solve maze server started
2020.06.21 13:48:03.744 INFO  Model.MyModel - generate maze server stopped
2020.06.21 13:48:03.744 INFO  Model.MyModel - solve maze server stopped
2020.06.21 13:48:12.248 INFO  Model.MyModel - generate maze server started
2020.06.21 13:48:12.250 INFO  Model.MyModel - solve maze server started
2020.06.21 13:48:34.249 INFO  Model.MyModel - generate maze server stopped
2020.06.21 13:48:34.249 INFO  Model.MyModel - solve maze server stopped
2020.06.21 13:50:59.487 INFO  Model.MyModel - generate maze server started
2020.06.21 13:50:59.490 INFO  Model.MyModel - solve maze server started
2020.06.21 13:51:07.780 INFO  Model.MyModel - generate maze server stopped
2020.06.21 13:51:07.780 INFO  Model.MyModel - solve maze server stopped
2020.06.21 13:51:18.020 INFO  Model.MyModel - generate maze server started
2020.06.21 13:51:18.022 INFO  Model.MyModel - solve maze server started
2020.06.21 13:51:50.250 INFO  Model.MyModel - generate maze server stopped
2020.06.21 13:51:50.250 INFO  Model.MyModel - solve maze server stopped
2020.06.21 13:52:07.694 INFO  Model.MyModel - generate maze server started
2020.06.21 13:52:07.697 INFO  Model.MyModel - solve maze server started
2020.06.21 13:52:19.678 INFO  Model.MyModel - generate maze server stopped
2020.06.21 13:52:19.678 INFO  Model.MyModel - solve maze server stopped
2020.06.21 13:52:29.625 INFO  Model.MyModel - generate maze server started
2020.06.21 13:52:29.629 INFO  Model.MyModel - solve maze server started
2020.06.21 13:52:54.262 INFO  Model.MyModel - generate maze server stopped
2020.06.21 13:52:54.262 INFO  Model.MyModel - solve maze server stopped
2020.06.21 13:55:09.978 INFO  Model.MyModel - generate maze server started
2020.06.21 13:55:09.980 INFO  Model.MyModel - solve maze server started
2020.06.21 13:55:32.585 INFO  Model.MyModel - generate maze server stopped
2020.06.21 13:55:32.585 INFO  Model.MyModel - solve maze server stopped
2020.06.21 13:59:28.820 INFO  Model.MyModel - generate maze server started
2020.06.21 13:59:28.823 INFO  Model.MyModel - solve maze server started
2020.06.21 13:59:52.713 INFO  Model.MyModel - generate maze server stopped
2020.06.21 13:59:52.714 INFO  Model.MyModel - solve maze server stopped
2020.06.21 14:00:22.956 INFO  Model.MyModel - generate maze server started
2020.06.21 14:00:22.959 INFO  Model.MyModel - solve maze server started
2020.06.21 14:00:52.530 INFO  Model.MyModel - generate maze server stopped
2020.06.21 14:00:52.530 INFO  Model.MyModel - solve maze server stopped
2020.06.21 14:01:10.206 INFO  Model.MyModel - generate maze server started
2020.06.21 14:01:10.210 INFO  Model.MyModel - solve maze server started
2020.06.21 14:02:54.037 INFO  Model.MyModel - generate maze server stopped
2020.06.21 14:02:54.037 INFO  Model.MyModel - solve maze server stopped
2020.06.21 19:52:29.450 INFO  Model.MyModel - Generate maze server started
2020.06.21 19:52:29.455 INFO  Model.MyModel - Solve maze server started
2020.06.21 19:52:36.691 INFO  Model.MyModel - A new maze has been created. Maze dimensions - 10 X 10
2020.06.21 19:52:49.338 INFO  Model.MyModel - The user won the game
2020.06.21 19:52:54.312 INFO  Model.MyModel - Generate maze server stopped
2020.06.21 19:52:54.312 INFO  Model.MyModel - Solve maze server stopped
2020.06.22 10:41:08.436 INFO  Model.MyModel - Generate maze server started
2020.06.22 10:41:08.440 INFO  Model.MyModel - Solve maze server started
2020.06.22 10:41:28.112 INFO  Model.MyModel - Generate maze server stopped
2020.06.22 10:41:28.112 INFO  Model.MyModel - Solve maze server stopped
2020.06.22 10:41:32.935 INFO  Model.MyModel - Generate maze server started
2020.06.22 10:41:32.939 INFO  Model.MyModel - Solve maze server started
2020.06.22 10:41:39.503 INFO  Model.MyModel - A new maze has been created. Maze dimensions - 10 X 10
2020.06.22 10:41:51.497 INFO  Model.MyModel - Generate maze server stopped
2020.06.22 10:41:51.497 INFO  Model.MyModel - Solve maze server stopped
2020.06.22 10:42:42.080 INFO  Model.MyModel - Generate maze server started
2020.06.22 10:42:42.084 INFO  Model.MyModel - Solve maze server started
2020.06.22 10:42:58.849 INFO  Model.MyModel - Generate maze server stopped
2020.06.22 10:42:58.849 INFO  Model.MyModel - Solve maze server stopped
2020.06.22 10:51:45.537 INFO  Model.MyModel - Generate maze server started
2020.06.22 10:51:45.540 INFO  Model.MyModel - Solve maze server started
2020.06.22 10:52:06.882 INFO  Model.MyModel - Generate maze server stopped
2020.06.22 10:52:06.882 INFO  Model.MyModel - Solve maze server stopped
2020.06.22 10:53:28.487 INFO  Model.MyModel - Generate maze server started
2020.06.22 10:53:28.491 INFO  Model.MyModel - Solve maze server started
2020.06.22 10:53:35.680 INFO  Model.MyModel - A new maze has been created. Maze dimensions - 10 X 10
2020.06.22 10:54:02.288 INFO  Model.MyModel - Generate maze server stopped
2020.06.22 10:54:02.288 INFO  Model.MyModel - Solve maze server stopped
2020.06.22 11:01:22.147 INFO  Model.MyModel - Generate maze server started
2020.06.22 11:01:22.151 INFO  Model.MyModel - Solve maze server started
2020.06.22 11:01:39.675 INFO  Model.MyModel - Generate maze server stopped
2020.06.22 11:01:39.675 INFO  Model.MyModel - Solve maze server stopped
2020.06.22 11:02:09.759 INFO  Model.MyModel - Generate maze server started
2020.06.22 11:02:09.763 INFO  Model.MyModel - Solve maze server started
2020.06.22 11:02:24.422 INFO  Model.MyModel - Generate maze server stopped
2020.06.22 11:02:24.422 INFO  Model.MyModel - Solve maze server stopped
2020.06.22 11:03:25.523 INFO  Model.MyModel - Generate maze server started
2020.06.22 11:03:25.527 INFO  Model.MyModel - Solve maze server started
2020.06.22 11:03:45.265 INFO  Model.MyModel - Generate maze server stopped
2020.06.22 11:03:45.265 INFO  Model.MyModel - Solve maze server stopped
2020.06.22 11:05:39.214 INFO  Model.MyModel - Generate maze server started
2020.06.22 11:05:39.218 INFO  Model.MyModel - Solve maze server started
2020.06.22 11:06:00.394 INFO  Model.MyModel - Generate maze server stopped
2020.06.22 11:06:00.394 INFO  Model.MyModel - Solve maze server stopped
2020.06.22 12:47:37.239 INFO  Model.MyModel - Generate maze server started
2020.06.22 12:47:37.243 INFO  Model.MyModel - Solve maze server started
2020.06.22 12:47:48.359 INFO  Model.MyModel - Generate maze server stopped
2020.06.22 12:47:48.359 INFO  Model.MyModel - Solve maze server stopped
2020.06.22 12:50:16.533 INFO  Model.MyModel - Generate maze server started
2020.06.22 12:50:16.537 INFO  Model.MyModel - Solve maze server started
2020.06.22 12:50:19.005 INFO  Model.MyModel - Generate maze server stopped
2020.06.22 12:50:19.005 INFO  Model.MyModel - Solve maze server stopped
2020.06.22 12:51:23.176 INFO  Model.MyModel - Generate maze server started
2020.06.22 12:51:23.180 INFO  Model.MyModel - Solve maze server started
2020.06.22 12:51:40.418 INFO  Model.MyModel - A new maze has been created. Maze dimensions - 10 X 10
2020.06.22 12:51:44.516 INFO  Model.MyModel - Generate maze server stopped
2020.06.22 12:51:44.516 INFO  Model.MyModel - Solve maze server stopped
2020.06.22 12:58:13.741 INFO  Model.MyModel - Generate maze server started
2020.06.22 12:58:13.745 INFO  Model.MyModel - Solve maze server started
2020.06.22 12:58:23.516 INFO  Model.MyModel - A new maze has been created. Maze dimensions - 10 X 10
2020.06.22 12:58:33.402 INFO  Model.MyModel - Generate maze server stopped
2020.06.22 12:58:33.402 INFO  Model.MyModel - Solve maze server stopped
2020.06.22 13:02:23.144 INFO  Model.MyModel - Generate maze server started
2020.06.22 13:02:23.148 INFO  Model.MyModel - Solve maze server started
2020.06.22 13:02:33.243 INFO  Model.MyModel - Generate maze server stopped
2020.06.22 13:02:33.244 INFO  Model.MyModel - Solve maze server stopped
2020.06.22 13:56:37.194 INFO  Model.MyModel - Generate maze server started
2020.06.22 13:56:37.197 INFO  Model.MyModel - Solve maze server started
2020.06.22 13:57:51.085 INFO  Model.MyModel - Generate maze server started
2020.06.22 13:57:51.089 INFO  Model.MyModel - Solve maze server started
2020.06.22 14:00:34.006 INFO  Model.MyModel - Generate maze server started
2020.06.22 14:00:34.010 INFO  Model.MyModel - Solve maze server started
2020.06.22 17:02:36.144 INFO  Model.MyModel - Generate maze server started
2020.06.22 17:02:36.148 INFO  Model.MyModel - Solve maze server started
2020.06.22 17:02:57.470 INFO  Model.MyModel - Generate maze server stopped
2020.06.22 17:02:57.471 INFO  Model.MyModel - Solve maze server stopped
2020.06.22 17:06:26.690 INFO  Model.MyModel - Generate maze server started
2020.06.22 17:06:26.693 INFO  Model.MyModel - Solve maze server started
2020.06.22 17:06:37.273 INFO  Model.MyModel - A new maze has been created. Maze dimensions - 10 X 10
2020.06.22 17:18:12.408 INFO  Model.MyModel - Generate maze server started
2020.06.22 17:18:12.415 INFO  Model.MyModel - Solve maze server started
2020.06.22 17:19:41.334 INFO  Model.MyModel - Generate maze server stopped
2020.06.22 17:19:41.334 INFO  Model.MyModel - Solve maze server stopped
2020.06.22 17:26:33.013 INFO  Model.MyModel - Generate maze server started
2020.06.22 17:26:33.020 INFO  Model.MyModel - Solve maze server started
2020.06.22 17:33:20.412 INFO  Model.MyModel - Generate maze server started
2020.06.22 17:33:20.417 INFO  Model.MyModel - Solve maze server started
2020.06.22 17:33:27.557 INFO  Model.MyModel - A new maze has been created. Maze dimensions - 10 X 10
2020.06.22 17:33:53.165 INFO  Model.MyModel - Generate maze server stopped
2020.06.22 17:33:53.165 INFO  Model.MyModel - Solve maze server stopped
2020.06.22 17:33:56.806 INFO  Model.MyModel - Generate maze server started
2020.06.22 17:33:56.811 INFO  Model.MyModel - Solve maze server started
2020.06.22 17:34:31.987 INFO  Model.MyModel - A new maze has been created. Maze dimensions - 10 X 10
2020.06.22 17:34:59.203 INFO  Model.MyModel - A new maze has been created. Maze dimensions - 10 X 10
2020.06.22 17:35:43.817 INFO  Model.MyModel - A new maze has been created. Maze dimensions - 10 X 10
2020.06.22 17:35:46.851 INFO  Model.MyModel - Generate maze server stopped
2020.06.22 17:35:46.851 INFO  Model.MyModel - Solve maze server stopped
2020.06.22 17:40:12.344 INFO  Model.MyModel - Generate maze server started
2020.06.22 17:40:12.348 INFO  Model.MyModel - Solve maze server started
2020.06.22 17:40:22.741 INFO  Model.MyModel - A new maze has been created. Maze dimensions - 10 X 10
2020.06.22 17:40:29.549 INFO  Model.MyModel - Solution for a maze was created
2020.06.22 17:49:20.349 INFO  Model.MyModel - Generate maze server started
2020.06.22 17:49:20.357 INFO  Model.MyModel - Solve maze server started
2020.06.22 17:54:43.088 INFO  Model.MyModel - A new maze has been created. Maze dimensions - 10 X 10
2020.06.22 17:56:28.719 INFO  Model.MyModel - Solution for a maze was created
2020.06.22 17:57:16.580 INFO  Model.MyModel - Generate maze server stopped
2020.06.22 17:57:16.581 INFO  Model.MyModel - Solve maze server stopped
2020.06.22 18:11:23.502 INFO  Model.MyModel - Generate maze server started
2020.06.22 18:11:23.513 INFO  Model.MyModel - Solve maze server started
2020.06.22 18:11:40.073 INFO  Model.MyModel - A new maze has been created. Maze dimensions - 10 X 10
2020.06.22 18:12:02.012 INFO  Model.MyModel - A new maze has been created. Maze dimensions - 10 X 10
2020.06.22 18:12:09.819 INFO  Model.MyModel - Generate maze server stopped
2020.06.22 18:12:09.820 INFO  Model.MyModel - Solve maze server stopped
